2025-05-26 17:48:26,519 - DEBUG - Starting new HTTPS connection (1): huggingface.co:443
2025-05-26 17:48:27,229 - DEBUG - https://huggingface.co:443 "HEAD /microsoft/trocr-base-handwritten/resolve/main/preprocessor_config.json HTTP/11" 200 0
2025-05-26 17:48:27,549 - DEBUG - https://huggingface.co:443 "HEAD /microsoft/trocr-base-handwritten/resolve/main/tokenizer_config.json HTTP/11" 200 0
2025-05-26 17:48:28,421 - DEBUG - https://huggingface.co:443 "HEAD /microsoft/trocr-base-handwritten/resolve/main/processor_config.json HTTP/11" 404 0
2025-05-26 17:48:28,873 - DEBUG - https://huggingface.co:443 "HEAD /microsoft/trocr-base-handwritten/resolve/main/chat_template.json HTTP/11" 404 0
2025-05-26 17:48:29,281 - DEBUG - https://huggingface.co:443 "HEAD /microsoft/trocr-base-handwritten/resolve/main/chat_template.jinja HTTP/11" 404 0
2025-05-26 17:48:29,892 - DEBUG - https://huggingface.co:443 "HEAD /microsoft/trocr-base-handwritten/resolve/main/config.json HTTP/11" 200 0
2025-05-26 17:48:30,149 - DEBUG - https://huggingface.co:443 "HEAD /microsoft/trocr-base-handwritten/resolve/main/config.json HTTP/11" 200 0
2025-05-26 17:48:42,293 - DEBUG - https://huggingface.co:443 "HEAD /microsoft/trocr-base-handwritten/resolve/main/generation_config.json HTTP/11" 200 0
2025-05-26 17:48:42,816 - INFO - Successfully loaded pre-trained TrOCR model.
2025-05-26 17:48:42,972 - INFO - [31m[1mWARNING: This is a development server. Do not use it in a production deployment. Use a production WSGI server instead.[0m
 * Running on http://127.0.0.1:5000
2025-05-26 17:48:42,972 - INFO - [33mPress CTRL+C to quit[0m
2025-05-26 17:48:43,014 - INFO -  * Restarting with watchdog (windowsapi)
2025-05-26 17:49:20,718 - DEBUG - Starting new HTTPS connection (1): huggingface.co:443
2025-05-26 17:49:21,605 - DEBUG - https://huggingface.co:443 "HEAD /microsoft/trocr-base-handwritten/resolve/main/preprocessor_config.json HTTP/11" 200 0
2025-05-26 17:49:22,326 - DEBUG - https://huggingface.co:443 "HEAD /microsoft/trocr-base-handwritten/resolve/main/tokenizer_config.json HTTP/11" 200 0
2025-05-26 17:49:23,137 - DEBUG - https://huggingface.co:443 "HEAD /microsoft/trocr-base-handwritten/resolve/main/processor_config.json HTTP/11" 404 0
2025-05-26 17:49:23,851 - DEBUG - https://huggingface.co:443 "HEAD /microsoft/trocr-base-handwritten/resolve/main/chat_template.json HTTP/11" 404 0
2025-05-26 17:49:24,503 - DEBUG - https://huggingface.co:443 "HEAD /microsoft/trocr-base-handwritten/resolve/main/chat_template.jinja HTTP/11" 404 0
2025-05-26 17:49:25,188 - DEBUG - https://huggingface.co:443 "HEAD /microsoft/trocr-base-handwritten/resolve/main/config.json HTTP/11" 200 0
2025-05-26 17:49:25,505 - DEBUG - https://huggingface.co:443 "HEAD /microsoft/trocr-base-handwritten/resolve/main/config.json HTTP/11" 200 0
2025-05-26 17:49:42,164 - DEBUG - https://huggingface.co:443 "HEAD /microsoft/trocr-base-handwritten/resolve/main/generation_config.json HTTP/11" 200 0
2025-05-26 17:49:42,424 - INFO - Successfully loaded pre-trained TrOCR model.
2025-05-26 17:49:42,444 - WARNING -  * Debugger is active!
2025-05-26 17:49:42,451 - INFO -  * Debugger PIN: 243-337-690
2025-05-26 17:52:43,786 - DEBUG - Starting new HTTPS connection (1): huggingface.co:443
2025-05-26 17:52:44,385 - DEBUG - https://huggingface.co:443 "HEAD /microsoft/trocr-base-handwritten/resolve/main/preprocessor_config.json HTTP/11" 200 0
2025-05-26 17:52:44,730 - DEBUG - https://huggingface.co:443 "HEAD /microsoft/trocr-base-handwritten/resolve/main/tokenizer_config.json HTTP/11" 200 0
2025-05-26 17:52:45,503 - DEBUG - https://huggingface.co:443 "HEAD /microsoft/trocr-base-handwritten/resolve/main/processor_config.json HTTP/11" 404 0
2025-05-26 17:52:45,769 - DEBUG - https://huggingface.co:443 "HEAD /microsoft/trocr-base-handwritten/resolve/main/chat_template.json HTTP/11" 404 0
2025-05-26 17:52:46,212 - DEBUG - https://huggingface.co:443 "HEAD /microsoft/trocr-base-handwritten/resolve/main/chat_template.jinja HTTP/11" 404 0
2025-05-26 17:52:46,915 - DEBUG - https://huggingface.co:443 "HEAD /microsoft/trocr-base-handwritten/resolve/main/config.json HTTP/11" 200 0
2025-05-26 17:52:47,220 - DEBUG - https://huggingface.co:443 "HEAD /microsoft/trocr-base-handwritten/resolve/main/config.json HTTP/11" 200 0
2025-05-26 17:52:56,964 - DEBUG - https://huggingface.co:443 "HEAD /microsoft/trocr-base-handwritten/resolve/main/generation_config.json HTTP/11" 200 0
2025-05-26 17:52:57,325 - INFO - Successfully loaded pre-trained TrOCR model.
2025-05-26 17:52:57,542 - INFO - [31m[1mWARNING: This is a development server. Do not use it in a production deployment. Use a production WSGI server instead.[0m
 * Running on http://127.0.0.1:5000
2025-05-26 17:52:57,542 - INFO - [33mPress CTRL+C to quit[0m
2025-05-26 17:52:57,590 - INFO -  * Restarting with watchdog (windowsapi)
2025-05-26 17:53:28,816 - DEBUG - Starting new HTTPS connection (1): huggingface.co:443
2025-05-26 17:53:29,980 - DEBUG - https://huggingface.co:443 "HEAD /microsoft/trocr-base-handwritten/resolve/main/preprocessor_config.json HTTP/11" 200 0
2025-05-26 17:53:30,337 - DEBUG - https://huggingface.co:443 "HEAD /microsoft/trocr-base-handwritten/resolve/main/tokenizer_config.json HTTP/11" 200 0
2025-05-26 17:53:31,401 - DEBUG - https://huggingface.co:443 "HEAD /microsoft/trocr-base-handwritten/resolve/main/processor_config.json HTTP/11" 404 0
2025-05-26 17:53:32,085 - DEBUG - https://huggingface.co:443 "HEAD /microsoft/trocr-base-handwritten/resolve/main/chat_template.json HTTP/11" 404 0
2025-05-26 17:53:32,362 - DEBUG - https://huggingface.co:443 "HEAD /microsoft/trocr-base-handwritten/resolve/main/chat_template.jinja HTTP/11" 404 0
2025-05-26 17:53:33,105 - DEBUG - https://huggingface.co:443 "HEAD /microsoft/trocr-base-handwritten/resolve/main/config.json HTTP/11" 200 0
2025-05-26 17:53:33,508 - DEBUG - https://huggingface.co:443 "HEAD /microsoft/trocr-base-handwritten/resolve/main/config.json HTTP/11" 200 0
2025-05-26 17:53:46,836 - DEBUG - https://huggingface.co:443 "HEAD /microsoft/trocr-base-handwritten/resolve/main/generation_config.json HTTP/11" 200 0
2025-05-26 17:53:47,138 - INFO - Successfully loaded pre-trained TrOCR model.
2025-05-26 17:53:47,349 - WARNING -  * Debugger is active!
2025-05-26 17:53:47,373 - INFO -  * Debugger PIN: 243-337-690
2025-05-26 17:53:48,728 - INFO - 127.0.0.1 - - [26/May/2025 17:53:48] "[36mGET / HTTP/1.1[0m" 304 -
2025-05-26 17:53:48,742 - INFO - 127.0.0.1 - - [26/May/2025 17:53:48] "GET / HTTP/1.1" 200 -
2025-05-26 17:53:48,861 - INFO - 127.0.0.1 - - [26/May/2025 17:53:48] "[36mGET /style.css HTTP/1.1[0m" 304 -
2025-05-26 17:53:48,890 - INFO - 127.0.0.1 - - [26/May/2025 17:53:48] "[36mGET /script.js HTTP/1.1[0m" 304 -
2025-05-26 17:56:13,420 - DEBUG - Importing BlpImagePlugin
2025-05-26 17:56:13,434 - DEBUG - Importing BmpImagePlugin
2025-05-26 17:56:13,434 - DEBUG - Importing BufrStubImagePlugin
2025-05-26 17:56:13,441 - DEBUG - Importing CurImagePlugin
2025-05-26 17:56:13,441 - DEBUG - Importing DcxImagePlugin
2025-05-26 17:56:13,446 - DEBUG - Importing DdsImagePlugin
2025-05-26 17:56:13,458 - DEBUG - Importing EpsImagePlugin
2025-05-26 17:56:13,645 - DEBUG - Importing FitsImagePlugin
2025-05-26 17:56:13,645 - DEBUG - Importing FitsStubImagePlugin
2025-05-26 17:56:13,645 - DEBUG - Importing FliImagePlugin
2025-05-26 17:56:13,654 - DEBUG - Importing FpxImagePlugin
2025-05-26 17:56:13,658 - DEBUG - Image: failed to import FpxImagePlugin: No module named 'olefile'
2025-05-26 17:56:13,658 - DEBUG - Importing FtexImagePlugin
2025-05-26 17:56:13,658 - DEBUG - Importing GbrImagePlugin
2025-05-26 17:56:13,663 - DEBUG - Importing GifImagePlugin
2025-05-26 17:56:13,663 - DEBUG - Importing GribStubImagePlugin
2025-05-26 17:56:13,663 - DEBUG - Importing Hdf5StubImagePlugin
2025-05-26 17:56:13,669 - DEBUG - Importing IcnsImagePlugin
2025-05-26 17:56:13,684 - DEBUG - Importing IcoImagePlugin
2025-05-26 17:56:13,690 - DEBUG - Importing ImImagePlugin
2025-05-26 17:56:13,692 - DEBUG - Importing ImtImagePlugin
2025-05-26 17:56:13,698 - DEBUG - Importing IptcImagePlugin
2025-05-26 17:56:13,700 - DEBUG - Importing JpegImagePlugin
2025-05-26 17:56:13,703 - DEBUG - Importing Jpeg2KImagePlugin
2025-05-26 17:56:13,703 - DEBUG - Importing McIdasImagePlugin
2025-05-26 17:56:13,703 - DEBUG - Importing MicImagePlugin
2025-05-26 17:56:13,708 - DEBUG - Image: failed to import MicImagePlugin: No module named 'olefile'
2025-05-26 17:56:13,708 - DEBUG - Importing MpegImagePlugin
2025-05-26 17:56:13,708 - DEBUG - Importing MpoImagePlugin
2025-05-26 17:56:13,719 - DEBUG - Importing MspImagePlugin
2025-05-26 17:56:13,719 - DEBUG - Importing PalmImagePlugin
2025-05-26 17:56:13,731 - DEBUG - Importing PcdImagePlugin
2025-05-26 17:56:13,747 - DEBUG - Importing PcxImagePlugin
2025-05-26 17:56:13,747 - DEBUG - Importing PdfImagePlugin
2025-05-26 17:56:13,778 - DEBUG - Importing PixarImagePlugin
2025-05-26 17:56:13,778 - DEBUG - Importing PngImagePlugin
2025-05-26 17:56:13,778 - DEBUG - Importing PpmImagePlugin
2025-05-26 17:56:13,778 - DEBUG - Importing PsdImagePlugin
2025-05-26 17:56:13,778 - DEBUG - Importing QoiImagePlugin
2025-05-26 17:56:13,778 - DEBUG - Importing SgiImagePlugin
2025-05-26 17:56:13,794 - DEBUG - Importing SpiderImagePlugin
2025-05-26 17:56:13,796 - DEBUG - Importing SunImagePlugin
2025-05-26 17:56:13,800 - DEBUG - Importing TgaImagePlugin
2025-05-26 17:56:13,800 - DEBUG - Importing TiffImagePlugin
2025-05-26 17:56:13,800 - DEBUG - Importing WebPImagePlugin
2025-05-26 17:56:13,813 - DEBUG - Importing WmfImagePlugin
2025-05-26 17:56:13,813 - DEBUG - Importing XbmImagePlugin
2025-05-26 17:56:13,825 - DEBUG - Importing XpmImagePlugin
2025-05-26 17:56:13,915 - DEBUG - Importing XVThumbImagePlugin
2025-05-26 17:56:13,967 - DEBUG - Detected line: x=481, y=330, w=199, h=53
2025-05-26 17:56:13,967 - DEBUG - Detected line: x=417, y=311, w=75, h=72
2025-05-26 17:56:13,967 - DEBUG - Detected line: x=0, y=302, w=458, h=35
2025-05-26 17:56:13,967 - DEBUG - Detected line: x=392, y=276, w=44, h=14
2025-05-26 17:56:13,967 - DEBUG - Detected line: x=437, y=273, w=75, h=20
2025-05-26 17:56:13,967 - DEBUG - Detected line: x=514, y=272, w=166, h=28
2025-05-26 17:56:13,967 - DEBUG - Detected line: x=336, y=269, w=56, h=28
2025-05-26 17:56:13,967 - DEBUG - Detected line: x=501, y=240, w=62, h=21
2025-05-26 17:56:13,967 - DEBUG - Detected line: x=563, y=235, w=117, h=24
2025-05-26 17:56:13,967 - DEBUG - Detected line: x=295, y=232, w=205, h=20
2025-05-26 17:56:13,967 - DEBUG - Detected line: x=0, y=223, w=333, h=73
2025-05-26 17:56:13,967 - DEBUG - Detected line: x=437, y=198, w=42, h=14
2025-05-26 17:56:13,983 - DEBUG - Detected line: x=481, y=193, w=47, h=20
2025-05-26 17:56:13,983 - DEBUG - Detected line: x=530, y=191, w=150, h=31
2025-05-26 17:56:13,983 - DEBUG - Detected line: x=264, y=191, w=35, h=19
2025-05-26 17:56:13,983 - DEBUG - Detected line: x=0, y=184, w=260, h=31
2025-05-26 17:56:13,983 - DEBUG - Detected line: x=581, y=161, w=83, h=24
2025-05-26 17:56:13,983 - DEBUG - Detected line: x=355, y=157, w=58, h=15
2025-05-26 17:56:13,983 - DEBUG - Detected line: x=414, y=152, w=53, h=21
2025-05-26 17:56:13,983 - DEBUG - Detected line: x=469, y=151, w=111, h=23
2025-05-26 17:56:13,983 - DEBUG - Detected line: x=0, y=145, w=311, h=25
2025-05-26 17:56:13,983 - DEBUG - Detected line: x=256, y=107, w=424, h=35
2025-05-26 17:56:13,983 - DEBUG - Detected line: x=274, y=29, w=400, h=33
2025-05-26 17:56:13,983 - DEBUG - Detected line: x=0, y=12, w=511, h=144
2025-05-26 17:56:13,983 - INFO - Detected 24 lines in image.
2025-05-26 17:56:13,999 - DEBUG - Image preprocessing completed.
2025-05-26 17:56:33,295 - DEBUG - Line 1 text: a member of the British Parliament
2025-05-26 17:56:33,300 - DEBUG - Image preprocessing completed.
2025-05-26 17:56:46,599 - DEBUG - Line 2 text: 2021 22
2025-05-26 17:56:46,605 - DEBUG - Image preprocessing completed.
2025-05-26 17:57:37,625 - DEBUG - Line 3 text: a member of the Parliament of the Parliament of the Parliament of the Parliament of the Parliament of the Parliament of
2025-05-26 17:57:37,658 - DEBUG - Image preprocessing completed.
2025-05-26 17:58:08,947 - DEBUG - Line 4 text: 0 0 0 0 0 0 0 0 0 0 0 0 0 0
2025-05-26 17:58:08,950 - DEBUG - Image preprocessing completed.
2025-05-26 17:58:41,854 - DEBUG - Line 5 text: 0 0 0 0 0 0 0 0 0 0 0 0 0 0 0 0
2025-05-26 17:58:41,860 - DEBUG - Image preprocessing completed.
2025-05-26 17:58:52,793 - DEBUG - Line 6 text: end . Chris Stone .
2025-05-26 17:58:52,797 - DEBUG - Image preprocessing completed.
2025-05-26 17:59:02,408 - DEBUG - Line 7 text: 0 3 .
2025-05-26 17:59:02,413 - DEBUG - Image preprocessing completed.
2025-05-26 17:59:12,999 - DEBUG - Line 8 text: 0 1
2025-05-26 17:59:13,005 - DEBUG - Image preprocessing completed.
2025-05-26 17:59:50,393 - DEBUG - Line 9 text: 0 0 0 0 0 0 0 0 0 0 0 0 0 0 0 0 0,000
2025-05-26 17:59:50,399 - DEBUG - Image preprocessing completed.
2025-05-26 18:01:24,952 - DEBUG - Starting new HTTPS connection (1): huggingface.co:443
2025-05-26 18:01:26,289 - DEBUG - https://huggingface.co:443 "HEAD /microsoft/trocr-base-handwritten/resolve/main/preprocessor_config.json HTTP/11" 200 0
2025-05-26 18:01:26,963 - DEBUG - https://huggingface.co:443 "HEAD /microsoft/trocr-base-handwritten/resolve/main/tokenizer_config.json HTTP/11" 200 0
2025-05-26 18:01:27,948 - DEBUG - https://huggingface.co:443 "HEAD /microsoft/trocr-base-handwritten/resolve/main/processor_config.json HTTP/11" 404 0
2025-05-26 18:01:28,221 - DEBUG - https://huggingface.co:443 "HEAD /microsoft/trocr-base-handwritten/resolve/main/chat_template.json HTTP/11" 404 0
2025-05-26 18:01:28,878 - DEBUG - https://huggingface.co:443 "HEAD /microsoft/trocr-base-handwritten/resolve/main/chat_template.jinja HTTP/11" 404 0
2025-05-26 18:01:29,410 - DEBUG - https://huggingface.co:443 "HEAD /microsoft/trocr-base-handwritten/resolve/main/config.json HTTP/11" 200 0
2025-05-26 18:01:29,727 - DEBUG - https://huggingface.co:443 "HEAD /microsoft/trocr-base-handwritten/resolve/main/config.json HTTP/11" 200 0
2025-05-26 18:01:43,630 - DEBUG - https://huggingface.co:443 "HEAD /microsoft/trocr-base-handwritten/resolve/main/generation_config.json HTTP/11" 200 0
2025-05-26 18:01:44,263 - INFO - Successfully loaded pre-trained TrOCR model.
2025-05-26 18:01:44,447 - INFO - [31m[1mWARNING: This is a development server. Do not use it in a production deployment. Use a production WSGI server instead.[0m
 * Running on http://127.0.0.1:5000
2025-05-26 18:01:44,447 - INFO - [33mPress CTRL+C to quit[0m
2025-05-26 18:01:44,501 - INFO -  * Restarting with watchdog (windowsapi)
2025-05-26 18:02:08,929 - DEBUG - Starting new HTTPS connection (1): huggingface.co:443
2025-05-26 18:02:09,470 - DEBUG - https://huggingface.co:443 "HEAD /microsoft/trocr-base-handwritten/resolve/main/preprocessor_config.json HTTP/11" 200 0
2025-05-26 18:02:10,143 - DEBUG - https://huggingface.co:443 "HEAD /microsoft/trocr-base-handwritten/resolve/main/tokenizer_config.json HTTP/11" 200 0
2025-05-26 18:02:10,681 - DEBUG - https://huggingface.co:443 "HEAD /microsoft/trocr-base-handwritten/resolve/main/processor_config.json HTTP/11" 404 0
2025-05-26 18:02:10,946 - DEBUG - https://huggingface.co:443 "HEAD /microsoft/trocr-base-handwritten/resolve/main/chat_template.json HTTP/11" 404 0
2025-05-26 18:02:11,474 - DEBUG - https://huggingface.co:443 "HEAD /microsoft/trocr-base-handwritten/resolve/main/chat_template.jinja HTTP/11" 404 0
2025-05-26 18:02:11,975 - DEBUG - https://huggingface.co:443 "HEAD /microsoft/trocr-base-handwritten/resolve/main/config.json HTTP/11" 200 0
2025-05-26 18:02:12,220 - DEBUG - https://huggingface.co:443 "HEAD /microsoft/trocr-base-handwritten/resolve/main/config.json HTTP/11" 200 0
2025-05-26 18:02:25,592 - DEBUG - https://huggingface.co:443 "HEAD /microsoft/trocr-base-handwritten/resolve/main/generation_config.json HTTP/11" 200 0
2025-05-26 18:02:25,861 - INFO - Successfully loaded pre-trained TrOCR model.
2025-05-26 18:02:26,006 - WARNING -  * Debugger is active!
2025-05-26 18:02:26,038 - INFO -  * Debugger PIN: 243-337-690
2025-05-26 18:02:27,706 - INFO - 127.0.0.1 - - [26/May/2025 18:02:27] "GET / HTTP/1.1" 200 -
2025-05-26 18:02:28,110 - INFO - 127.0.0.1 - - [26/May/2025 18:02:28] "[36mGET /style.css HTTP/1.1[0m" 304 -
2025-05-26 18:02:28,110 - INFO - 127.0.0.1 - - [26/May/2025 18:02:28] "[36mGET /script.js HTTP/1.1[0m" 304 -
2025-05-26 18:03:09,672 - DEBUG - Detected line: x=195, y=128, w=41, h=71
2025-05-26 18:03:09,672 - DEBUG - Detected line: x=177, y=123, w=32, h=26
2025-05-26 18:03:09,672 - DEBUG - Detected line: x=27, y=109, w=60, h=46
2025-05-26 18:03:09,672 - DEBUG - Detected line: x=17, y=17, w=35, h=63
2025-05-26 18:03:09,672 - INFO - Detected 4 lines in image.
2025-05-26 18:03:09,704 - DEBUG - Image preprocessing completed.
2025-05-26 18:03:16,357 - DEBUG - Line 1 text: 2021 22
2025-05-26 18:03:16,360 - DEBUG - Image preprocessing completed.
2025-05-26 18:03:21,954 - DEBUG - Line 2 text: 6 References
2025-05-26 18:03:21,958 - DEBUG - Image preprocessing completed.
2025-05-26 18:03:29,902 - DEBUG - Line 3 text: broker .
2025-05-26 18:03:29,905 - DEBUG - Image preprocessing completed.
2025-05-26 18:03:35,381 - DEBUG - Line 4 text: 0
2025-05-26 18:03:35,381 - INFO - Recognized text: 2021 22
6 References
broker .
0
2025-05-26 18:03:35,381 - INFO - 127.0.0.1 - - [26/May/2025 18:03:35] "POST /upload HTTP/1.1" 200 -
2025-05-26 18:05:35,738 - INFO -  * Detected change in 'C:\\Users\\Muhammad Ibtesam\\Desktop\\HandwrittenOCRApp\\app.py', reloading
2025-05-26 18:05:35,738 - INFO -  * Detected change in 'C:\\Users\\Muhammad Ibtesam\\Desktop\\HandwrittenOCRApp\\app.py', reloading
2025-05-26 18:05:39,998 - INFO -  * Restarting with watchdog (windowsapi)
2025-05-26 18:06:01,248 - DEBUG - Starting new HTTPS connection (1): huggingface.co:443
2025-05-26 18:06:02,149 - DEBUG - https://huggingface.co:443 "HEAD /microsoft/trocr-base-handwritten/resolve/main/preprocessor_config.json HTTP/11" 200 0
2025-05-26 18:06:02,810 - DEBUG - https://huggingface.co:443 "HEAD /microsoft/trocr-base-handwritten/resolve/main/tokenizer_config.json HTTP/11" 200 0
2025-05-26 18:06:03,418 - DEBUG - https://huggingface.co:443 "HEAD /microsoft/trocr-base-handwritten/resolve/main/processor_config.json HTTP/11" 404 0
2025-05-26 18:06:03,675 - DEBUG - https://huggingface.co:443 "HEAD /microsoft/trocr-base-handwritten/resolve/main/chat_template.json HTTP/11" 404 0
2025-05-26 18:06:03,933 - DEBUG - https://huggingface.co:443 "HEAD /microsoft/trocr-base-handwritten/resolve/main/chat_template.jinja HTTP/11" 404 0
2025-05-26 18:06:04,465 - DEBUG - https://huggingface.co:443 "HEAD /microsoft/trocr-base-handwritten/resolve/main/config.json HTTP/11" 200 0
2025-05-26 18:06:04,721 - DEBUG - https://huggingface.co:443 "HEAD /microsoft/trocr-base-handwritten/resolve/main/config.json HTTP/11" 200 0
2025-05-26 18:06:16,620 - DEBUG - https://huggingface.co:443 "HEAD /microsoft/trocr-base-handwritten/resolve/main/generation_config.json HTTP/11" 200 0
2025-05-26 18:06:17,092 - INFO - Successfully loaded pre-trained TrOCR model.
2025-05-26 18:06:17,377 - WARNING -  * Debugger is active!
2025-05-26 18:06:17,413 - INFO -  * Debugger PIN: 243-337-690
2025-05-26 18:44:20,798 - DEBUG - Starting new HTTPS connection (1): huggingface.co:443
2025-05-26 18:44:21,322 - DEBUG - https://huggingface.co:443 "HEAD /microsoft/trocr-base-handwritten/resolve/main/preprocessor_config.json HTTP/11" 200 0
2025-05-26 18:44:21,608 - DEBUG - https://huggingface.co:443 "HEAD /microsoft/trocr-base-handwritten/resolve/main/tokenizer_config.json HTTP/11" 200 0
2025-05-26 18:44:22,392 - DEBUG - https://huggingface.co:443 "HEAD /microsoft/trocr-base-handwritten/resolve/main/processor_config.json HTTP/11" 404 0
2025-05-26 18:44:22,699 - DEBUG - https://huggingface.co:443 "HEAD /microsoft/trocr-base-handwritten/resolve/main/chat_template.json HTTP/11" 404 0
2025-05-26 18:44:22,982 - DEBUG - https://huggingface.co:443 "HEAD /microsoft/trocr-base-handwritten/resolve/main/chat_template.jinja HTTP/11" 404 0
2025-05-26 18:44:23,772 - DEBUG - https://huggingface.co:443 "HEAD /microsoft/trocr-base-handwritten/resolve/main/config.json HTTP/11" 200 0
2025-05-26 18:44:24,034 - DEBUG - https://huggingface.co:443 "HEAD /microsoft/trocr-base-handwritten/resolve/main/config.json HTTP/11" 200 0
2025-05-26 18:44:42,454 - DEBUG - https://huggingface.co:443 "HEAD /microsoft/trocr-base-handwritten/resolve/main/generation_config.json HTTP/11" 200 0
2025-05-26 18:44:42,834 - INFO - Successfully loaded pre-trained TrOCR model.
2025-05-26 18:44:43,087 - INFO - [31m[1mWARNING: This is a development server. Do not use it in a production deployment. Use a production WSGI server instead.[0m
 * Running on http://127.0.0.1:5000
2025-05-26 18:44:43,087 - INFO - [33mPress CTRL+C to quit[0m
2025-05-26 18:44:43,165 - INFO -  * Restarting with watchdog (windowsapi)
2025-05-26 18:45:21,357 - DEBUG - Starting new HTTPS connection (1): huggingface.co:443
2025-05-26 18:45:22,299 - DEBUG - https://huggingface.co:443 "HEAD /microsoft/trocr-base-handwritten/resolve/main/preprocessor_config.json HTTP/11" 200 0
2025-05-26 18:45:22,596 - DEBUG - https://huggingface.co:443 "HEAD /microsoft/trocr-base-handwritten/resolve/main/tokenizer_config.json HTTP/11" 200 0
2025-05-26 18:45:23,619 - DEBUG - https://huggingface.co:443 "HEAD /microsoft/trocr-base-handwritten/resolve/main/processor_config.json HTTP/11" 404 0
2025-05-26 18:45:23,890 - DEBUG - https://huggingface.co:443 "HEAD /microsoft/trocr-base-handwritten/resolve/main/chat_template.json HTTP/11" 404 0
2025-05-26 18:45:24,135 - DEBUG - https://huggingface.co:443 "HEAD /microsoft/trocr-base-handwritten/resolve/main/chat_template.jinja HTTP/11" 404 0
2025-05-26 18:45:25,002 - DEBUG - https://huggingface.co:443 "HEAD /microsoft/trocr-base-handwritten/resolve/main/config.json HTTP/11" 200 0
2025-05-26 18:45:25,255 - DEBUG - https://huggingface.co:443 "HEAD /microsoft/trocr-base-handwritten/resolve/main/config.json HTTP/11" 200 0
2025-05-26 18:45:37,573 - DEBUG - https://huggingface.co:443 "HEAD /microsoft/trocr-base-handwritten/resolve/main/generation_config.json HTTP/11" 200 0
2025-05-26 18:45:38,111 - INFO - Successfully loaded pre-trained TrOCR model.
2025-05-26 18:45:38,247 - WARNING -  * Debugger is active!
2025-05-26 18:45:38,264 - INFO -  * Debugger PIN: 243-337-690
2025-05-26 18:45:39,542 - DEBUG - Detected line: x=195, y=128, w=41, h=71
2025-05-26 18:45:39,542 - DEBUG - Detected line: x=141, y=126, w=21, h=28
2025-05-26 18:45:39,542 - DEBUG - Detected line: x=177, y=123, w=32, h=26
2025-05-26 18:45:39,542 - DEBUG - Detected line: x=113, y=110, w=25, h=42
2025-05-26 18:45:39,542 - DEBUG - Detected line: x=27, y=109, w=60, h=46
2025-05-26 18:45:39,542 - DEBUG - Detected line: x=108, y=51, w=22, h=26
2025-05-26 18:45:39,544 - DEBUG - Detected line: x=158, y=47, w=24, h=33
2025-05-26 18:45:39,544 - DEBUG - Detected line: x=192, y=45, w=29, h=31
2025-05-26 18:45:39,544 - DEBUG - Detected line: x=55, y=45, w=26, h=31
2025-05-26 18:45:39,544 - DEBUG - Detected line: x=17, y=17, w=35, h=63
2025-05-26 18:45:39,544 - INFO - Detected 10 lines in image.
2025-05-26 18:45:39,544 - INFO - Processing 10 line(s).
2025-05-26 18:45:39,588 - DEBUG - Image preprocessing completed.
2025-05-26 18:46:34,138 - DEBUG - Line 1 text: CONMEBIDENTATION Subcommittee to the Government of the Parliament of the Parliament of the Parliament of the Parliament of the Parliament of the
2025-05-26 18:46:34,143 - DEBUG - Image preprocessing completed.
2025-05-26 18:46:58,120 - DEBUG - Line 2 text: 0 0 0 0 0 0 0 0 0 0 0
2025-05-26 18:46:58,125 - DEBUG - Image preprocessing completed.
2025-05-26 18:47:27,090 - DEBUG - Line 3 text: 0 0 0 0 0 0 0 0 0 0 0 0 0 0 0 0
2025-05-26 18:47:27,094 - DEBUG - Image preprocessing completed.
2025-05-26 18:47:56,731 - DEBUG - Line 4 text: 0 0 0 0 0 0 0 0 0 0 0 0 0 0 0
2025-05-26 18:47:56,735 - DEBUG - Image preprocessing completed.
2025-05-26 18:48:27,900 - DEBUG - Line 5 text: 0 0 0 0 0 0 0 0 0 0 0 0 0 0 0 0
2025-05-26 18:48:27,904 - DEBUG - Image preprocessing completed.
2025-05-26 18:48:35,313 - DEBUG - Line 6 text: 0 0
2025-05-26 18:48:35,319 - DEBUG - Image preprocessing completed.
2025-05-26 18:48:41,123 - DEBUG - Line 7 text: 0 0
2025-05-26 18:48:41,128 - DEBUG - Image preprocessing completed.
2025-05-26 18:49:08,346 - DEBUG - Line 8 text: " There was not to be a member of the House of Commons .
2025-05-26 18:49:08,351 - DEBUG - Image preprocessing completed.
2025-05-26 18:49:20,263 - DEBUG - Line 9 text: The New York Times of America
2025-05-26 18:49:20,267 - DEBUG - Image preprocessing completed.
2025-05-26 18:49:36,699 - DEBUG - Line 10 text: a member of the House of Representatives
2025-05-26 18:49:36,702 - INFO - Recognized text: CONMEBIDENTATION Subcommittee to the Government of the Parliament of the Parliament of the Parliament of the Parliament of the Parliament of the
0 0 0 0 0 0 0 0 0 0 0
0 0 0 0 0 0 0 0 0 0 0 0 0 0 0 0
0 0 0 0 0 0 0 0 0 0 0 0 0 0 0
0 0 0 0 0 0 0 0 0 0 0 0 0 0 0 0
0 0
0 0
" There was not to be a member of the House of Commons .
The New York Times of America
a member of the House of Representatives
2025-05-26 18:49:36,737 - INFO - 127.0.0.1 - - [26/May/2025 18:49:36] "POST /upload HTTP/1.1" 200 -
2025-05-26 18:51:28,167 - INFO -  * Detected change in 'C:\\Users\\Muhammad Ibtesam\\Desktop\\HandwrittenOCRApp\\app.py', reloading
2025-05-26 18:51:28,168 - INFO -  * Detected change in 'C:\\Users\\Muhammad Ibtesam\\Desktop\\HandwrittenOCRApp\\app.py', reloading
2025-05-26 18:51:28,169 - INFO -  * Detected change in 'C:\\Users\\Muhammad Ibtesam\\Desktop\\HandwrittenOCRApp\\app.py', reloading
2025-05-26 18:51:33,607 - INFO -  * Restarting with watchdog (windowsapi)
2025-05-26 18:52:32,116 - WARNING - Failed to load fine-tuned model: Incorrect path_or_model_id: './trocr_finetuned'. Please provide either the path to a local folder or the repo_id of a model on the Hub.. Falling back to pre-trained model.
2025-05-26 18:52:32,120 - DEBUG - Starting new HTTPS connection (1): huggingface.co:443
2025-05-26 18:52:32,561 - DEBUG - https://huggingface.co:443 "HEAD /microsoft/trocr-base-handwritten/resolve/main/preprocessor_config.json HTTP/11" 200 0
2025-05-26 18:52:32,914 - DEBUG - https://huggingface.co:443 "HEAD /microsoft/trocr-base-handwritten/resolve/main/tokenizer_config.json HTTP/11" 200 0
2025-05-26 18:52:33,395 - DEBUG - https://huggingface.co:443 "HEAD /microsoft/trocr-base-handwritten/resolve/main/processor_config.json HTTP/11" 404 0
2025-05-26 18:52:33,653 - DEBUG - https://huggingface.co:443 "HEAD /microsoft/trocr-base-handwritten/resolve/main/chat_template.json HTTP/11" 404 0
2025-05-26 18:52:34,310 - DEBUG - https://huggingface.co:443 "HEAD /microsoft/trocr-base-handwritten/resolve/main/chat_template.jinja HTTP/11" 404 0
2025-05-26 18:52:34,789 - DEBUG - https://huggingface.co:443 "HEAD /microsoft/trocr-base-handwritten/resolve/main/config.json HTTP/11" 200 0
2025-05-26 18:52:35,054 - DEBUG - https://huggingface.co:443 "HEAD /microsoft/trocr-base-handwritten/resolve/main/config.json HTTP/11" 200 0
2025-05-26 18:52:46,134 - DEBUG - https://huggingface.co:443 "HEAD /microsoft/trocr-base-handwritten/resolve/main/generation_config.json HTTP/11" 200 0
2025-05-26 18:52:46,515 - INFO - Successfully loaded pre-trained TrOCR model.
2025-05-26 18:52:46,601 - WARNING -  * Debugger is active!
2025-05-26 18:52:46,610 - INFO -  * Debugger PIN: 243-337-690
2025-05-26 18:53:45,806 - INFO - 127.0.0.1 - - [26/May/2025 18:53:45] "[36mGET / HTTP/1.1[0m" 304 -
2025-05-26 18:53:45,862 - INFO - 127.0.0.1 - - [26/May/2025 18:53:45] "[36mGET /style.css HTTP/1.1[0m" 304 -
2025-05-26 18:53:45,870 - INFO - 127.0.0.1 - - [26/May/2025 18:53:45] "[36mGET /script.js HTTP/1.1[0m" 304 -
2025-05-26 18:53:45,893 - INFO - 127.0.0.1 - - [26/May/2025 18:53:45] "[33mGET /favicon.ico HTTP/1.1[0m" 404 -
2025-05-26 18:53:51,771 - DEBUG - Detected line: x=195, y=128, w=41, h=71
2025-05-26 18:53:51,771 - DEBUG - Detected line: x=141, y=126, w=21, h=28
2025-05-26 18:53:51,771 - DEBUG - Detected line: x=177, y=123, w=32, h=26
2025-05-26 18:53:51,771 - DEBUG - Detected line: x=113, y=110, w=25, h=42
2025-05-26 18:53:51,771 - DEBUG - Detected line: x=27, y=109, w=60, h=46
2025-05-26 18:53:51,771 - DEBUG - Detected line: x=108, y=51, w=22, h=26
2025-05-26 18:53:51,771 - DEBUG - Detected line: x=158, y=47, w=24, h=33
2025-05-26 18:53:51,771 - DEBUG - Detected line: x=192, y=45, w=29, h=31
2025-05-26 18:53:51,771 - DEBUG - Detected line: x=55, y=45, w=26, h=31
2025-05-26 18:53:51,771 - DEBUG - Detected line: x=17, y=17, w=35, h=63
2025-05-26 18:53:51,771 - INFO - Detected 10 lines in image.
2025-05-26 18:53:51,771 - INFO - Processing 10 line(s).
2025-05-26 18:53:51,788 - DEBUG - Image preprocessing completed.
2025-05-26 18:53:56,371 - DEBUG - Line 1 text: 19.
2025-05-26 18:53:56,373 - DEBUG - Image preprocessing completed.
2025-05-26 18:54:00,419 - DEBUG - Line 2 text: 0
2025-05-26 18:54:00,422 - DEBUG - Image preprocessing completed.
2025-05-26 18:54:04,996 - DEBUG - Line 3 text: w.
2025-05-26 18:54:04,998 - DEBUG - Image preprocessing completed.
2025-05-26 18:54:08,206 - DEBUG - Line 4 text: 25
2025-05-26 18:54:08,209 - DEBUG - Image preprocessing completed.
2025-05-26 18:54:12,392 - DEBUG - Line 5 text: ibe
2025-05-26 18:54:12,397 - DEBUG - Image preprocessing completed.
2025-05-26 18:54:16,715 - DEBUG - Line 6 text: cory
2025-05-26 18:54:16,722 - DEBUG - Image preprocessing completed.
2025-05-26 18:54:19,902 - DEBUG - Line 7 text: s
2025-05-26 18:54:19,915 - DEBUG - Image preprocessing completed.
2025-05-26 18:54:24,605 - DEBUG - Line 8 text: 0
2025-05-26 18:54:24,607 - DEBUG - Image preprocessing completed.
2025-05-26 18:54:28,963 - DEBUG - Line 9 text: c.
2025-05-26 18:54:28,967 - DEBUG - Image preprocessing completed.
2025-05-26 18:54:33,307 - DEBUG - Line 10 text: p.
2025-05-26 18:54:33,309 - INFO - Recognized text: 19.
0
w.
25
ibe
cory
s
0
c.
p.
2025-05-26 18:54:33,309 - INFO - 127.0.0.1 - - [26/May/2025 18:54:33] "POST /upload HTTP/1.1" 200 -
2025-05-26 19:06:18,487 - INFO -  * Detected change in 'C:\\Users\\Muhammad Ibtesam\\Desktop\\HandwrittenOCRApp\\app.py', reloading
2025-05-26 19:06:18,488 - INFO -  * Detected change in 'C:\\Users\\Muhammad Ibtesam\\Desktop\\HandwrittenOCRApp\\app.py', reloading
2025-05-26 19:06:59,786 - WARNING - Failed to load fine-tuned model: Incorrect path_or_model_id: './trocr_finetuned'. Please provide either the path to a local folder or the repo_id of a model on the Hub.. Using base model.
2025-05-26 19:06:59,800 - DEBUG - Starting new HTTPS connection (1): huggingface.co:443
2025-05-26 19:07:00,490 - DEBUG - https://huggingface.co:443 "HEAD /microsoft/trocr-base-handwritten/resolve/main/preprocessor_config.json HTTP/11" 200 0
2025-05-26 19:07:00,896 - DEBUG - https://huggingface.co:443 "HEAD /microsoft/trocr-base-handwritten/resolve/main/tokenizer_config.json HTTP/11" 200 0
2025-05-26 19:07:01,641 - DEBUG - https://huggingface.co:443 "HEAD /microsoft/trocr-base-handwritten/resolve/main/processor_config.json HTTP/11" 404 0
2025-05-26 19:07:01,908 - DEBUG - https://huggingface.co:443 "HEAD /microsoft/trocr-base-handwritten/resolve/main/chat_template.json HTTP/11" 404 0
2025-05-26 19:07:02,213 - DEBUG - https://huggingface.co:443 "HEAD /microsoft/trocr-base-handwritten/resolve/main/chat_template.jinja HTTP/11" 404 0
2025-05-26 19:07:02,938 - DEBUG - https://huggingface.co:443 "HEAD /microsoft/trocr-base-handwritten/resolve/main/config.json HTTP/11" 200 0
2025-05-26 19:07:03,254 - DEBUG - https://huggingface.co:443 "HEAD /microsoft/trocr-base-handwritten/resolve/main/config.json HTTP/11" 200 0
2025-05-26 19:07:13,572 - DEBUG - https://huggingface.co:443 "HEAD /microsoft/trocr-base-handwritten/resolve/main/generation_config.json HTTP/11" 200 0
2025-05-26 19:07:13,902 - INFO - Loaded base TrOCR model.
2025-05-26 19:07:14,078 - INFO - [31m[1mWARNING: This is a development server. Do not use it in a production deployment. Use a production WSGI server instead.[0m
 * Running on http://127.0.0.1:5000
2025-05-26 19:07:14,078 - INFO - [33mPress CTRL+C to quit[0m
2025-05-26 19:07:14,141 - INFO -  * Restarting with watchdog (windowsapi)
2025-05-26 19:07:45,375 - WARNING - Failed to load fine-tuned model: Incorrect path_or_model_id: './trocr_finetuned'. Please provide either the path to a local folder or the repo_id of a model on the Hub.. Using base model.
2025-05-26 19:07:45,378 - DEBUG - Starting new HTTPS connection (1): huggingface.co:443
2025-05-26 19:07:45,942 - DEBUG - https://huggingface.co:443 "HEAD /microsoft/trocr-base-handwritten/resolve/main/preprocessor_config.json HTTP/11" 200 0
2025-05-26 19:07:46,355 - DEBUG - https://huggingface.co:443 "HEAD /microsoft/trocr-base-handwritten/resolve/main/tokenizer_config.json HTTP/11" 200 0
2025-05-26 19:07:47,486 - DEBUG - https://huggingface.co:443 "HEAD /microsoft/trocr-base-handwritten/resolve/main/processor_config.json HTTP/11" 404 0
2025-05-26 19:07:47,797 - DEBUG - https://huggingface.co:443 "HEAD /microsoft/trocr-base-handwritten/resolve/main/chat_template.json HTTP/11" 404 0
2025-05-26 19:07:48,608 - DEBUG - https://huggingface.co:443 "HEAD /microsoft/trocr-base-handwritten/resolve/main/chat_template.jinja HTTP/11" 404 0
2025-05-26 19:07:49,434 - DEBUG - https://huggingface.co:443 "HEAD /microsoft/trocr-base-handwritten/resolve/main/config.json HTTP/11" 200 0
2025-05-26 19:07:49,742 - DEBUG - https://huggingface.co:443 "HEAD /microsoft/trocr-base-handwritten/resolve/main/config.json HTTP/11" 200 0
2025-05-26 19:08:05,498 - DEBUG - https://huggingface.co:443 "HEAD /microsoft/trocr-base-handwritten/resolve/main/generation_config.json HTTP/11" 200 0
2025-05-26 19:08:05,908 - INFO - Loaded base TrOCR model.
2025-05-26 19:08:06,063 - WARNING -  * Debugger is active!
2025-05-26 19:08:06,089 - INFO -  * Debugger PIN: 243-337-690
2025-05-26 19:10:37,920 - INFO - 127.0.0.1 - - [26/May/2025 19:10:37] "[36mGET / HTTP/1.1[0m" 304 -
2025-05-26 19:10:37,956 - INFO - 127.0.0.1 - - [26/May/2025 19:10:37] "[36mGET /style.css HTTP/1.1[0m" 304 -
2025-05-26 19:10:37,971 - INFO - 127.0.0.1 - - [26/May/2025 19:10:37] "[36mGET /script.js HTTP/1.1[0m" 304 -
2025-05-26 19:10:45,158 - INFO - Segmented 3 line(s).
2025-05-26 19:10:47,264 - DEBUG - Line 1 OCR: B.
2025-05-26 19:10:48,520 - DEBUG - Line 2 OCR: be
2025-05-26 19:10:50,039 - DEBUG - Line 3 OCR: ing
2025-05-26 19:10:50,039 - INFO - OCR result: B.
be
ing
2025-05-26 19:10:50,046 - INFO - 127.0.0.1 - - [26/May/2025 19:10:50] "POST /upload HTTP/1.1" 200 -
2025-05-26 19:12:15,357 - DEBUG - Importing BlpImagePlugin
2025-05-26 19:12:15,373 - DEBUG - Importing BmpImagePlugin
2025-05-26 19:12:15,373 - DEBUG - Importing BufrStubImagePlugin
2025-05-26 19:12:15,373 - DEBUG - Importing CurImagePlugin
2025-05-26 19:12:15,383 - DEBUG - Importing DcxImagePlugin
2025-05-26 19:12:15,390 - DEBUG - Importing DdsImagePlugin
2025-05-26 19:12:15,390 - DEBUG - Importing EpsImagePlugin
2025-05-26 19:12:15,438 - DEBUG - Importing FitsImagePlugin
2025-05-26 19:12:15,446 - DEBUG - Importing FitsStubImagePlugin
2025-05-26 19:12:15,447 - DEBUG - Importing FliImagePlugin
2025-05-26 19:12:15,450 - DEBUG - Importing FpxImagePlugin
2025-05-26 19:12:15,456 - DEBUG - Image: failed to import FpxImagePlugin: No module named 'olefile'
2025-05-26 19:12:15,456 - DEBUG - Importing FtexImagePlugin
2025-05-26 19:12:15,456 - DEBUG - Importing GbrImagePlugin
2025-05-26 19:12:15,456 - DEBUG - Importing GifImagePlugin
2025-05-26 19:12:15,456 - DEBUG - Importing GribStubImagePlugin
2025-05-26 19:12:15,456 - DEBUG - Importing Hdf5StubImagePlugin
2025-05-26 19:12:15,456 - DEBUG - Importing IcnsImagePlugin
2025-05-26 19:12:15,470 - DEBUG - Importing IcoImagePlugin
2025-05-26 19:12:15,470 - DEBUG - Importing ImImagePlugin
2025-05-26 19:12:15,487 - DEBUG - Importing ImtImagePlugin
2025-05-26 19:12:15,487 - DEBUG - Importing IptcImagePlugin
2025-05-26 19:12:15,487 - DEBUG - Importing JpegImagePlugin
2025-05-26 19:12:15,487 - DEBUG - Importing Jpeg2KImagePlugin
2025-05-26 19:12:15,487 - DEBUG - Importing McIdasImagePlugin
2025-05-26 19:12:15,487 - DEBUG - Importing MicImagePlugin
2025-05-26 19:12:15,502 - DEBUG - Image: failed to import MicImagePlugin: No module named 'olefile'
2025-05-26 19:12:15,502 - DEBUG - Importing MpegImagePlugin
2025-05-26 19:12:15,505 - DEBUG - Importing MpoImagePlugin
2025-05-26 19:12:15,518 - DEBUG - Importing MspImagePlugin
2025-05-26 19:12:15,523 - DEBUG - Importing PalmImagePlugin
2025-05-26 19:12:15,530 - DEBUG - Importing PcdImagePlugin
2025-05-26 19:12:15,530 - DEBUG - Importing PcxImagePlugin
2025-05-26 19:12:15,530 - DEBUG - Importing PdfImagePlugin
2025-05-26 19:12:15,550 - DEBUG - Importing PixarImagePlugin
2025-05-26 19:12:15,552 - DEBUG - Importing PngImagePlugin
2025-05-26 19:12:15,552 - DEBUG - Importing PpmImagePlugin
2025-05-26 19:12:15,552 - DEBUG - Importing PsdImagePlugin
2025-05-26 19:12:15,552 - DEBUG - Importing QoiImagePlugin
2025-05-26 19:12:15,552 - DEBUG - Importing SgiImagePlugin
2025-05-26 19:12:15,552 - DEBUG - Importing SpiderImagePlugin
2025-05-26 19:12:15,552 - DEBUG - Importing SunImagePlugin
2025-05-26 19:12:15,565 - DEBUG - Importing TgaImagePlugin
2025-05-26 19:12:15,567 - DEBUG - Importing TiffImagePlugin
2025-05-26 19:12:15,568 - DEBUG - Importing WebPImagePlugin
2025-05-26 19:12:15,661 - DEBUG - Importing WmfImagePlugin
2025-05-26 19:12:15,672 - DEBUG - Importing XbmImagePlugin
2025-05-26 19:12:15,674 - DEBUG - Importing XpmImagePlugin
2025-05-26 19:12:15,678 - DEBUG - Importing XVThumbImagePlugin
2025-05-26 19:12:15,695 - INFO - Segmented 20 line(s).
2025-05-26 19:12:17,498 - DEBUG - Line 1 OCR: Amberto Grande
2025-05-26 19:12:19,730 - DEBUG - Line 2 OCR: Time is Coming -
2025-05-26 19:12:22,769 - DEBUG - Line 3 OCR: ad a dog became pregnant at
2025-05-26 19:12:24,863 - DEBUG - Line 4 OCR: has alla
2025-05-26 19:12:26,865 - DEBUG - Line 5 OCR: line the dc
2025-05-26 19:12:28,941 - DEBUG - Line 6 OCR: three 1 ;
2025-05-26 19:12:31,104 - DEBUG - Line 7 OCR: all communes
2025-05-26 19:12:33,188 - DEBUG - Line 8 OCR: dog grave .
2025-05-26 19:12:35,407 - DEBUG - Line 9 OCR: dag was
2025-05-26 19:12:37,920 - DEBUG - Line 10 OCR: 2nd tier .
2025-05-26 19:12:39,498 - DEBUG - Line 11 OCR: Press
2025-05-26 19:12:41,370 - DEBUG - Line 12 OCR: three c
2025-05-26 19:12:43,194 - DEBUG - Line 13 OCR: new #
2025-05-26 19:12:45,552 - DEBUG - Line 14 OCR: nine months on it
2025-05-26 19:12:48,066 - DEBUG - Line 15 OCR: gave birth to
2025-05-26 19:12:50,428 - DEBUG - Line 16 OCR: e pattern c
2025-05-26 19:12:53,620 - DEBUG - Line 17 OCR: ied . On the
2025-05-26 19:12:57,177 - DEBUG - Line 18 OCR: excessivewealth
2025-05-26 19:12:59,135 - DEBUG - Line 19 OCR: ched for
2025-05-26 19:13:01,237 - DEBUG - Line 20 OCR: theatre
2025-05-26 19:13:01,237 - INFO - OCR result: Amberto Grande
Time is Coming -
ad a dog became pregnant at
has alla
line the dc
three 1 ;
all communes
dog grave .
dag was
2nd tier .
Press
three c
new #
nine months on it
gave birth to
e pattern c
ied . On the
excessivewealth
ched for
theatre
2025-05-26 19:13:01,237 - INFO - 127.0.0.1 - - [26/May/2025 19:13:01] "POST /upload HTTP/1.1" 200 -
2025-05-26 19:20:38,489 - INFO -  * Detected change in 'C:\\Users\\Muhammad Ibtesam\\AppData\\Roaming\\Python\\Python312\\site-packages\\flask\\__init__.py', reloading
2025-05-26 19:20:38,499 - INFO -  * Detected change in 'C:\\Users\\Muhammad Ibtesam\\AppData\\Roaming\\Python\\Python312\\site-packages\\PIL\\__init__.py', reloading
2025-05-26 19:20:38,499 - INFO -  * Detected change in 'C:\\Users\\Muhammad Ibtesam\\AppData\\Roaming\\Python\\Python312\\site-packages\\PIL\\Image.py', reloading
2025-05-26 19:20:38,546 - INFO -  * Detected change in 'C:\\Users\\Muhammad Ibtesam\\AppData\\Roaming\\Python\\Python312\\site-packages\\flask\\json\\__init__.py', reloading
2025-05-26 19:20:38,553 - INFO -  * Detected change in 'C:\\Users\\Muhammad Ibtesam\\AppData\\Roaming\\Python\\Python312\\site-packages\\flask\\app.py', reloading
2025-05-26 19:20:38,553 - INFO -  * Detected change in 'C:\\Users\\Muhammad Ibtesam\\AppData\\Roaming\\Python\\Python312\\site-packages\\flask\\globals.py', reloading
2025-05-26 19:20:38,561 - INFO -  * Detected change in 'C:\\Users\\Muhammad Ibtesam\\AppData\\Roaming\\Python\\Python312\\site-packages\\flask\\helpers.py', reloading
2025-05-26 19:20:38,564 - INFO -  * Detected change in 'C:\\Users\\Muhammad Ibtesam\\AppData\\Roaming\\Python\\Python312\\site-packages\\flask\\wrappers.py', reloading
2025-05-26 19:20:38,575 - INFO -  * Detected change in 'C:\\Users\\Muhammad Ibtesam\\AppData\\Roaming\\Python\\Python312\\site-packages\\werkzeug\\wrappers\\__init__.py', reloading
2025-05-26 19:20:38,576 - INFO -  * Detected change in 'C:\\Users\\Muhammad Ibtesam\\AppData\\Roaming\\Python\\Python312\\site-packages\\werkzeug\\wrappers\\request.py', reloading
2025-05-26 19:20:38,580 - INFO -  * Detected change in 'C:\\Users\\Muhammad Ibtesam\\AppData\\Roaming\\Python\\Python312\\site-packages\\werkzeug\\wrappers\\response.py', reloading
2025-05-26 19:20:38,586 - INFO -  * Detected change in 'C:\\Users\\Muhammad Ibtesam\\AppData\\Roaming\\Python\\Python312\\site-packages\\werkzeug\\_internal.py', reloading
2025-05-26 19:20:38,590 - INFO -  * Detected change in 'C:\\Users\\Muhammad Ibtesam\\AppData\\Roaming\\Python\\Python312\\site-packages\\werkzeug\\datastructures\\__init__.py', reloading
2025-05-26 19:20:38,594 - INFO -  * Detected change in 'C:\\Users\\Muhammad Ibtesam\\AppData\\Roaming\\Python\\Python312\\site-packages\\werkzeug\\sansio\\request.py', reloading
2025-05-26 19:20:38,598 - INFO -  * Detected change in 'C:\\Users\\Muhammad Ibtesam\\AppData\\Roaming\\Python\\Python312\\site-packages\\werkzeug\\utils.py', reloading
2025-05-26 19:20:45,967 - INFO -  * Restarting with watchdog (windowsapi)
2025-05-26 19:21:13,874 - WARNING - Failed to load fine-tuned model: Incorrect path_or_model_id: './trocr_finetuned'. Please provide either the path to a local folder or the repo_id of a model on the Hub.. Using base model.
2025-05-26 19:21:13,881 - DEBUG - Starting new HTTPS connection (1): huggingface.co:443
2025-05-26 19:21:14,716 - DEBUG - https://huggingface.co:443 "HEAD /microsoft/trocr-base-handwritten/resolve/main/preprocessor_config.json HTTP/11" 200 0
2025-05-26 19:21:15,008 - DEBUG - https://huggingface.co:443 "HEAD /microsoft/trocr-base-handwritten/resolve/main/tokenizer_config.json HTTP/11" 200 0
2025-05-26 19:21:16,003 - DEBUG - https://huggingface.co:443 "HEAD /microsoft/trocr-base-handwritten/resolve/main/processor_config.json HTTP/11" 404 0
2025-05-26 19:21:16,259 - DEBUG - https://huggingface.co:443 "HEAD /microsoft/trocr-base-handwritten/resolve/main/chat_template.json HTTP/11" 404 0
2025-05-26 19:21:16,908 - DEBUG - https://huggingface.co:443 "HEAD /microsoft/trocr-base-handwritten/resolve/main/chat_template.jinja HTTP/11" 404 0
2025-05-26 19:21:17,460 - DEBUG - https://huggingface.co:443 "HEAD /microsoft/trocr-base-handwritten/resolve/main/config.json HTTP/11" 200 0
2025-05-26 19:21:17,733 - DEBUG - https://huggingface.co:443 "HEAD /microsoft/trocr-base-handwritten/resolve/main/config.json HTTP/11" 200 0
2025-05-26 19:21:32,181 - DEBUG - https://huggingface.co:443 "HEAD /microsoft/trocr-base-handwritten/resolve/main/generation_config.json HTTP/11" 200 0
2025-05-26 19:21:32,632 - INFO - Loaded base TrOCR model.
2025-05-26 19:21:32,789 - WARNING -  * Debugger is active!
2025-05-26 19:21:32,807 - INFO -  * Debugger PIN: 243-337-690
2025-05-26 19:21:37,577 - INFO -  * Detected change in 'C:\\Users\\Muhammad Ibtesam\\Desktop\\HandwrittenOCRApp\\app.py', reloading
2025-05-26 19:21:37,577 - INFO -  * Detected change in 'C:\\Users\\Muhammad Ibtesam\\Desktop\\HandwrittenOCRApp\\app.py', reloading
